Sep 10, 2017 3:37:55 PM org.apache.catalina.startup.VersionLoggerListener log
INFO: Server version:        Apache Tomcat/7.0.81
Sep 10, 2017 3:37:55 PM org.apache.catalina.startup.VersionLoggerListener log
INFO: Server built:          Aug 11 2017 10:21:27 UTC
Sep 10, 2017 3:37:55 PM org.apache.catalina.startup.VersionLoggerListener log
INFO: Server number:         7.0.81.0
Sep 10, 2017 3:37:55 PM org.apache.catalina.startup.VersionLoggerListener log
INFO: OS Name:               Mac OS X
Sep 10, 2017 3:37:55 PM org.apache.catalina.startup.VersionLoggerListener log
INFO: OS Version:            10.12.6
Sep 10, 2017 3:37:55 PM org.apache.catalina.startup.VersionLoggerListener log
INFO: Architecture:          x86_64
Sep 10, 2017 3:37:55 PM org.apache.catalina.startup.VersionLoggerListener log
INFO: Java Home:             /Library/Java/JavaVirtualMachines/jdk1.8.0_144.jdk/Contents/Home/jre
Sep 10, 2017 3:37:55 PM org.apache.catalina.startup.VersionLoggerListener log
INFO: JVM Version:           1.8.0_144-b01
Sep 10, 2017 3:37:55 PM org.apache.catalina.startup.VersionLoggerListener log
INFO: JVM Vendor:            Oracle Corporation
Sep 10, 2017 3:37:55 PM org.apache.catalina.startup.VersionLoggerListener log
INFO: CATALINA_BASE:         /Users/john.southerland/Google Drive/Code/cloudComputing/apache-tomcat-7.0.81
Sep 10, 2017 3:37:55 PM org.apache.catalina.startup.VersionLoggerListener log
INFO: CATALINA_HOME:         /Users/john.southerland/Google Drive/Code/cloudComputing/apache-tomcat-7.0.81
Sep 10, 2017 3:37:55 PM org.apache.catalina.startup.VersionLoggerListener log
INFO: Command line argument: -Djava.util.logging.config.file=/Users/john.southerland/Google Drive/Code/cloudComputing/apache-tomcat-7.0.81/conf/logging.properties
Sep 10, 2017 3:37:55 PM org.apache.catalina.startup.VersionLoggerListener log
INFO: Command line argument: -Djava.util.logging.manager=org.apache.juli.ClassLoaderLogManager
Sep 10, 2017 3:37:55 PM org.apache.catalina.startup.VersionLoggerListener log
INFO: Command line argument: -Djdk.tls.ephemeralDHKeySize=2048
Sep 10, 2017 3:37:55 PM org.apache.catalina.startup.VersionLoggerListener log
INFO: Command line argument: -Djava.endorsed.dirs=/Users/john.southerland/Google Drive/Code/cloudComputing/apache-tomcat-7.0.81/endorsed
Sep 10, 2017 3:37:55 PM org.apache.catalina.startup.VersionLoggerListener log
INFO: Command line argument: -Dcatalina.base=/Users/john.southerland/Google Drive/Code/cloudComputing/apache-tomcat-7.0.81
Sep 10, 2017 3:37:55 PM org.apache.catalina.startup.VersionLoggerListener log
INFO: Command line argument: -Dcatalina.home=/Users/john.southerland/Google Drive/Code/cloudComputing/apache-tomcat-7.0.81
Sep 10, 2017 3:37:55 PM org.apache.catalina.startup.VersionLoggerListener log
INFO: Command line argument: -Djava.io.tmpdir=/Users/john.southerland/Google Drive/Code/cloudComputing/apache-tomcat-7.0.81/temp
Sep 10, 2017 3:37:55 PM org.apache.catalina.core.AprLifecycleListener lifecycleEvent
INFO: The APR based Apache Tomcat Native library which allows optimal performance in production environments was not found on the java.library.path: /Users/john.southerland/Library/Java/Extensions:/Library/Java/Extensions:/Network/Library/Java/Extensions:/System/Library/Java/Extensions:/usr/lib/java:.
Sep 10, 2017 3:37:55 PM org.apache.coyote.AbstractProtocol init
INFO: Initializing ProtocolHandler ["http-bio-8080"]
Sep 10, 2017 3:37:55 PM org.apache.coyote.AbstractProtocol init
INFO: Initializing ProtocolHandler ["ajp-bio-8009"]
Sep 10, 2017 3:37:55 PM org.apache.catalina.startup.Catalina load
INFO: Initialization processed in 692 ms
Sep 10, 2017 3:37:55 PM org.apache.catalina.core.StandardService startInternal
INFO: Starting service Catalina
Sep 10, 2017 3:37:55 PM org.apache.catalina.core.StandardEngine startInternal
INFO: Starting Servlet Engine: Apache Tomcat/7.0.81
Sep 10, 2017 3:37:55 PM org.apache.catalina.startup.HostConfig deployDirectory
INFO: Deploying web application directory /Users/john.southerland/Google Drive/Code/cloudComputing/apache-tomcat-7.0.81/webapps/docs
Sep 10, 2017 3:37:56 PM org.apache.catalina.startup.TldConfig execute
INFO: At least one JAR was scanned for TLDs yet contained no TLDs. Enable debug logging for this logger for a complete list of JARs that were scanned but no TLDs were found in them. Skipping unneeded JARs during scanning can improve startup time and JSP compilation time.
Sep 10, 2017 3:37:56 PM org.apache.catalina.startup.HostConfig deployDirectory
INFO: Deployment of web application directory /Users/john.southerland/Google Drive/Code/cloudComputing/apache-tomcat-7.0.81/webapps/docs has finished in 434 ms
Sep 10, 2017 3:37:56 PM org.apache.catalina.startup.HostConfig deployDirectory
INFO: Deploying web application directory /Users/john.southerland/Google Drive/Code/cloudComputing/apache-tomcat-7.0.81/webapps/examples
Sep 10, 2017 3:37:56 PM org.apache.catalina.startup.TldConfig execute
INFO: At least one JAR was scanned for TLDs yet contained no TLDs. Enable debug logging for this logger for a complete list of JARs that were scanned but no TLDs were found in them. Skipping unneeded JARs during scanning can improve startup time and JSP compilation time.
Sep 10, 2017 3:37:56 PM org.apache.catalina.startup.HostConfig deployDirectory
INFO: Deployment of web application directory /Users/john.southerland/Google Drive/Code/cloudComputing/apache-tomcat-7.0.81/webapps/examples has finished in 510 ms
Sep 10, 2017 3:37:56 PM org.apache.catalina.startup.HostConfig deployDirectory
INFO: Deploying web application directory /Users/john.southerland/Google Drive/Code/cloudComputing/apache-tomcat-7.0.81/webapps/host-manager
Sep 10, 2017 3:37:56 PM org.apache.catalina.startup.TldConfig execute
INFO: At least one JAR was scanned for TLDs yet contained no TLDs. Enable debug logging for this logger for a complete list of JARs that were scanned but no TLDs were found in them. Skipping unneeded JARs during scanning can improve startup time and JSP compilation time.
Sep 10, 2017 3:37:56 PM org.apache.catalina.startup.HostConfig deployDirectory
INFO: Deployment of web application directory /Users/john.southerland/Google Drive/Code/cloudComputing/apache-tomcat-7.0.81/webapps/host-manager has finished in 113 ms
Sep 10, 2017 3:37:56 PM org.apache.catalina.startup.HostConfig deployDirectory
INFO: Deploying web application directory /Users/john.southerland/Google Drive/Code/cloudComputing/apache-tomcat-7.0.81/webapps/manager
Sep 10, 2017 3:37:57 PM org.apache.catalina.startup.TldConfig execute
INFO: At least one JAR was scanned for TLDs yet contained no TLDs. Enable debug logging for this logger for a complete list of JARs that were scanned but no TLDs were found in them. Skipping unneeded JARs during scanning can improve startup time and JSP compilation time.
Sep 10, 2017 3:37:57 PM org.apache.catalina.startup.HostConfig deployDirectory
INFO: Deployment of web application directory /Users/john.southerland/Google Drive/Code/cloudComputing/apache-tomcat-7.0.81/webapps/manager has finished in 178 ms
Sep 10, 2017 3:37:57 PM org.apache.catalina.startup.HostConfig deployDirectory
INFO: Deploying web application directory /Users/john.southerland/Google Drive/Code/cloudComputing/apache-tomcat-7.0.81/webapps/ROOT
Sep 10, 2017 3:37:57 PM org.apache.catalina.startup.TldConfig execute
INFO: At least one JAR was scanned for TLDs yet contained no TLDs. Enable debug logging for this logger for a complete list of JARs that were scanned but no TLDs were found in them. Skipping unneeded JARs during scanning can improve startup time and JSP compilation time.
Sep 10, 2017 3:37:57 PM org.apache.catalina.startup.HostConfig deployDirectory
INFO: Deployment of web application directory /Users/john.southerland/Google Drive/Code/cloudComputing/apache-tomcat-7.0.81/webapps/ROOT has finished in 106 ms
Sep 10, 2017 3:37:57 PM org.apache.coyote.AbstractProtocol start
INFO: Starting ProtocolHandler ["http-bio-8080"]
Sep 10, 2017 3:37:57 PM org.apache.coyote.AbstractProtocol start
INFO: Starting ProtocolHandler ["ajp-bio-8009"]
Sep 10, 2017 3:37:57 PM org.apache.catalina.startup.Catalina start
INFO: Server startup in 1412 ms
Sep 10, 2017 3:39:27 PM org.apache.catalina.startup.HostConfig deployWAR
INFO: Deploying web application archive /Users/john.southerland/Google Drive/Code/cloudComputing/apache-tomcat-7.0.81/webapps/roboweb.war
Sep 10, 2017 3:39:27 PM org.apache.catalina.loader.WebappClassLoaderBase validateJarFile
INFO: validateJarFile(/Users/john.southerland/Google Drive/Code/cloudComputing/apache-tomcat-7.0.81/webapps/roboweb/WEB-INF/lib/javax.servlet-3.0.jar) - jar not loaded. See Servlet Spec 3.0, section 10.7.2. Offending class: javax/servlet/Servlet.class
Sep 10, 2017 3:39:27 PM org.apache.catalina.startup.TaglibUriRule body
INFO: TLD skipped. URI: urn:com:sun:jersey:api:view is already defined
Sep 10, 2017 3:39:27 PM org.apache.catalina.startup.TldConfig execute
INFO: At least one JAR was scanned for TLDs yet contained no TLDs. Enable debug logging for this logger for a complete list of JARs that were scanned but no TLDs were found in them. Skipping unneeded JARs during scanning can improve startup time and JSP compilation time.
Sep 10, 2017 3:39:27 PM com.sun.jersey.api.core.PackagesResourceConfig init
INFO: Scanning for root resource and provider classes in the packages:
  ServerService
Sep 10, 2017 3:39:28 PM com.sun.jersey.api.core.ScanningResourceConfig logClasses
INFO: Root resource classes found:
  class ServerService.RestServerService
Sep 10, 2017 3:39:28 PM com.sun.jersey.api.core.ScanningResourceConfig init
INFO: No provider classes found.
Sep 10, 2017 3:39:28 PM com.sun.jersey.server.impl.application.WebApplicationImpl _initiate
INFO: Initiating Jersey application, version 'Jersey: 1.19 02/11/2015 05:39 AM'
Sep 10, 2017 3:39:29 PM org.apache.catalina.startup.HostConfig deployWAR
INFO: Deployment of web application archive /Users/john.southerland/Google Drive/Code/cloudComputing/apache-tomcat-7.0.81/webapps/roboweb.war has finished in 2,106 ms
Get
org.apache.catalina.util.ParameterMap@4431bf6c
current role:null
Exceptioncom.mysql.jdbc.exceptions.jdbc4.CommunicationsException: Communications link failure

The last packet sent successfully to the server was 0 milliseconds ago. The driver has not received any packets from the server.
Sep 10, 2017 3:45:29 PM org.apache.catalina.startup.HostConfig undeploy
INFO: Undeploying context [/roboweb]
Sep 10, 2017 3:45:29 PM org.apache.catalina.loader.WebappClassLoaderBase clearReferencesThreads
SEVERE: The web application [/roboweb] appears to have started a thread named [Abandoned connection cleanup thread] but has failed to stop it. This is very likely to create a memory leak.
Sep 10, 2017 3:45:29 PM org.apache.catalina.startup.HostConfig deployWAR
INFO: Deploying web application archive /Users/john.southerland/Google Drive/Code/cloudComputing/apache-tomcat-7.0.81/webapps/roboweb.war
Sep 10, 2017 3:45:29 PM org.apache.catalina.startup.SetContextPropertiesRule begin
WARNING: [SetContextPropertiesRule]{Context} Setting property 'debug' to '1' did not find a matching property.
Sep 10, 2017 3:45:32 PM org.apache.catalina.loader.WebappClassLoaderBase validateJarFile
INFO: validateJarFile(/Users/john.southerland/Google Drive/Code/cloudComputing/apache-tomcat-7.0.81/webapps/roboweb/WEB-INF/lib/javax.servlet-3.0.jar) - jar not loaded. See Servlet Spec 3.0, section 10.7.2. Offending class: javax/servlet/Servlet.class
Sep 10, 2017 3:45:33 PM org.apache.catalina.startup.TaglibUriRule body
INFO: TLD skipped. URI: urn:com:sun:jersey:api:view is already defined
Sep 10, 2017 3:45:33 PM org.apache.catalina.startup.TldConfig execute
INFO: At least one JAR was scanned for TLDs yet contained no TLDs. Enable debug logging for this logger for a complete list of JARs that were scanned but no TLDs were found in them. Skipping unneeded JARs during scanning can improve startup time and JSP compilation time.
Sep 10, 2017 3:45:33 PM com.sun.jersey.api.core.PackagesResourceConfig init
INFO: Scanning for root resource and provider classes in the packages:
  ServerService
Sep 10, 2017 3:45:33 PM com.sun.jersey.api.core.ScanningResourceConfig logClasses
INFO: Root resource classes found:
  class ServerService.RestServerService
Sep 10, 2017 3:45:33 PM com.sun.jersey.api.core.ScanningResourceConfig init
INFO: No provider classes found.
Sep 10, 2017 3:45:33 PM com.sun.jersey.server.impl.application.WebApplicationImpl _initiate
INFO: Initiating Jersey application, version 'Jersey: 1.19 02/11/2015 05:39 AM'
Sep 10, 2017 3:45:35 PM org.apache.catalina.startup.HostConfig deployWAR
INFO: Deployment of web application archive /Users/john.southerland/Google Drive/Code/cloudComputing/apache-tomcat-7.0.81/webapps/roboweb.war has finished in 5,622 ms
Sep 10, 2017 3:45:39 PM org.apache.jasper.compiler.TldLocationsCache tldScanJar
INFO: At least one JAR was scanned for TLDs yet contained no TLDs. Enable debug logging for this logger for a complete list of JARs that were scanned but no TLDs were found in them. Skipping unneeded JARs during scanning can improve startup time and JSP compilation time.
